2021-34-12 23:34:10.426 [main] INFO  pages.TrelloPage - Board Created. Name : Test Board, ID : 60c51a426b97a02eff0939fd
2021-34-12 23:34:10.665 [main] INFO  pages.TrelloPage - List Created. Name : Test List, ID : 60c51a43913b89723ddad394
2021-34-12 23:34:10.860 [main] INFO  pages.TrelloPage - Lists size : 4 for board with ID : 60c51a426b97a02eff0939fd
2021-34-12 23:34:14.739 [main] INFO  pages.TrelloPage - Card Created. Name : Test Card, ID : 60c51a47edba2045fe17bb09
2021-34-12 23:34:15.607 [main] INFO  pages.TrelloPage - Card Created. Name : Test Card 2, ID : 60c51a48c5f45c237799dbd8
2021-34-12 23:34:16.472 [main] INFO  pages.TrelloPage - Card Updated. Card ID : 60c51a48c5f45c237799dbd8, Parameter : name, New Value : NewName
2021-34-12 23:34:17.250 [main] INFO  pages.TrelloPage - Card Updated. Card ID : 60c51a48c5f45c237799dbd8, Parameter : desc, New Value : New Desc
2021-34-12 23:34:18.049 [main] INFO  pages.TrelloPage - Card Deleted. Card ID : 60c51a47edba2045fe17bb09
2021-34-12 23:34:18.332 [main] INFO  pages.TrelloPage - Card Deleted. Card ID : 60c51a48c5f45c237799dbd8
2021-34-12 23:34:18.867 [main] INFO  pages.TrelloPage - Board Deleted. Card ID : 60c51a426b97a02eff0939fd
2021-51-12 23:51:39.917 [main] INFO  pages.TrelloPage - Board Created. Name : Test Board, ID : 60c51e5cc76b9f4b29b5536b
2021-51-12 23:51:40.157 [main] INFO  pages.TrelloPage - List Created. Name : Test List, ID : 60c51e5ca6d100607d74d51b
2021-51-12 23:51:40.345 [main] INFO  pages.TrelloPage - Lists size : 4 for board with ID : 60c51e5cc76b9f4b29b5536b
2021-51-12 23:51:43.790 [main] INFO  pages.TrelloPage - Card Created. Name : Test Card, ID : 60c51e5f438a60301247d4f9
2021-51-12 23:51:44.581 [main] INFO  pages.TrelloPage - Card Created. Name : Test Card 2, ID : 60c51e60063e5b46d539f37e
2021-51-12 23:51:45.349 [main] INFO  pages.TrelloPage - Card Updated. Card ID : 60c51e5f438a60301247d4f9, Parameter : name, New Value : NewName
2021-51-12 23:51:46.195 [main] INFO  pages.TrelloPage - Card Updated. Card ID : 60c51e5f438a60301247d4f9, Parameter : desc, New Value : New Desc
2021-51-12 23:51:46.919 [main] INFO  pages.TrelloPage - Card Deleted. Card ID : 60c51e5f438a60301247d4f9
2021-51-12 23:51:47.199 [main] INFO  pages.TrelloPage - Card Deleted. Card ID : 60c51e60063e5b46d539f37e
2021-51-12 23:51:47.662 [main] INFO  pages.TrelloPage - Board Deleted. Card ID : 60c51e5cc76b9f4b29b5536b
2021-52-12 23:52:15.937 [main] INFO  pages.TrelloPage - Board Created. Name : Test Board, ID : 60c51e7f633de236e110bb34
2021-52-12 23:52:16.173 [main] INFO  pages.TrelloPage - List Created. Name : Test List, ID : 60c51e80082353606f141bf6
2021-52-12 23:52:16.362 [main] INFO  pages.TrelloPage - Lists size : 4 for board with ID : 60c51e7f633de236e110bb34
2021-52-12 23:52:19.692 [main] INFO  pages.TrelloPage - Card Created. Name : Test Card, ID : 60c51e83b52d6e2d44153adb
